[    0.000000] Initializing cgroup subsys cpuset
[    0.000000] Initializing cgroup subsys cpu
[    0.000000] Initializing cgroup subsys cpuacct
[    0.000000] Linux version 4.4.0-165-generic (buildd@lgw01-amd64-027) (gcc version 5.4.0 20160609 (Ubuntu 5.4.0-6ubuntu1~16.04.10) ) #193-Ubuntu SMP Tue Sep 17 17:42:52 UTC 2019 (Ubuntu 4.4.0-165.193-generic 4.4.189)
[    0.000000] Command line: BOOT_IMAGE=/boot/vmlinuz-4.4.0-165-generic root=UUID=440d6cef-17de-4b77-b9c9-7e704c301394 ro console=tty1 console=ttyS0
[    0.000000] KERNEL supported cpus:
[    0.000000]   Intel GenuineIntel
[    0.000000]   AMD AuthenticAMD
[    0.000000]   Centaur CentaurHauls
[    0.000000] x86/fpu: xstate_offset[2]:  576, xstate_sizes[2]:  256
[    0.000000] x86/fpu: Supporting XSAVE feature 0x01: 'x87 floating point registers'
[    0.000000] x86/fpu: Supporting XSAVE feature 0x02: 'SSE registers'
[    0.000000] x86/fpu: Supporting XSAVE feature 0x04: 'AVX registers'
[    0.000000] x86/fpu: Enabled xstate features 0x7, context size is 832 bytes, using 'standard' format.
[    0.000000] e820: BIOS-provided physical RAM map:
[    0.000000] BIOS-e820: [mem 0x0000000000000000-0x000000000009fbff] usable
[    0.000000] BIOS-e820: [mem 0x000000000009fc00-0x000000000009ffff] reserved
[    0.000000] BIOS-e820: [mem 0x00000000000f0000-0x00000000000fffff] reserved
[    0.000000] BIOS-e820: [mem 0x0000000000100000-0x000000003ffeffff] usable
[    0.000000] BIOS-e820: [mem 0x000000003fff0000-0x000000003fffffff] ACPI data
[    0.000000] BIOS-e820: [mem 0x00000000fec00000-0x00000000fec00fff] reserved
[    0.000000] BIOS-e820: [mem 0x00000000fee00000-0x00000000fee00fff] reserved
[    0.000000] BIOS-e820: [mem 0x00000000fffc0000-0x00000000ffffffff] reserved
[    0.000000] NX (Execute Disable) protection: active
[    0.000000] SMBIOS 2.5 present.
[    0.000000] Hypervisor detected: KVM
[    0.000000] e820: last_pfn = 0x3fff0 max_arch_pfn = 0x400000000
[    0.000000] MTRR: Disabled
[    0.000000] x86/PAT: MTRRs disabled, skipping PAT initialization too.
[    0.000000] CPU MTRRs all blank - virtualized system.
[    0.000000] x86/PAT: Configuration [0-7]: WB  WT  UC- UC  WB  WT  UC- UC  
[    0.000000] found SMP MP-table at [mem 0x0009fff0-0x0009ffff] mapped at [ffff88000009fff0]
[    0.000000] Scanning 1 areas for low memory corruption
[    0.000000] RAMDISK: [mem 0x361e0000-0x370e7fff]
[    0.000000] ACPI: Early table checksum verification disabled
[    0.000000] ACPI: RSDP 0x00000000000E0000 000024 (v02 VBOX  )
[    0.000000] ACPI: XSDT 0x000000003FFF0030 00003C (v01 VBOX   VBOXXSDT 00000001 ASL  00000061)
[    0.000000] ACPI: FACP 0x000000003FFF00F0 0000F4 (v04 VBOX   VBOXFACP 00000001 ASL  00000061)
[    0.000000] ACPI: DSDT 0x000000003FFF0470 0022EA (v02 VBOX   VBOXBIOS 00000002 INTL 20181213)
[    0.000000] ACPI: FACS 0x000000003FFF0200 000040
[    0.000000] ACPI: FACS 0x000000003FFF0200 000040
[    0.000000] ACPI: APIC 0x000000003FFF0240 00005C (v02 VBOX   VBOXAPIC 00000001 ASL  00000061)
[    0.000000] ACPI: SSDT 0x000000003FFF02A0 0001CC (v01 VBOX   VBOXCPUT 00000002 INTL 20181213)
[    0.000000] No NUMA configuration found
[    0.000000] Faking a node at [mem 0x0000000000000000-0x000000003ffeffff]
[    0.000000] NODE_DATA(0) allocated [mem 0x3ffeb000-0x3ffeffff]
[    0.000000] kvm-clock: Using msrs 4b564d01 and 4b564d00
[    0.000000] kvm-clock: cpu 0, msr 0:3ffe3001, primary cpu clock
[    0.000000] kvm-clock: using sched offset of 3338078944 cycles
[    0.000000] clocksource: kvm-clock: mask: 0xffffffffffffffff max_cycles: 0x1cd42e4dffb, max_idle_ns: 881590591483 ns
[    0.000000] Zone ranges:
[    0.000000]   DMA      [mem 0x0000000000001000-0x0000000000ffffff]
[    0.000000]   DMA32    [mem 0x0000000001000000-0x000000003ffeffff]
[    0.000000]   Normal   empty
[    0.000000]   Device   empty
[    0.000000] Movable zone start for each node
[    0.000000] Early memory node ranges
[    0.000000]   node   0: [mem 0x0000000000001000-0x000000000009efff]
[    0.000000]   node   0: [mem 0x0000000000100000-0x000000003ffeffff]
[    0.000000] Initmem setup node 0 [mem 0x0000000000001000-0x000000003ffeffff]
[    0.000000] ACPI: PM-Timer IO Port: 0x4008
[    0.000000] IOAPIC[0]: apic_id 2, version 32, address 0xfec00000, GSI 0-23
[    0.000000] ACPI: INT_SRC_OVR (bus 0 bus_irq 0 global_irq 2 dfl dfl)
[    0.000000] ACPI: INT_SRC_OVR (bus 0 bus_irq 9 global_irq 9 low level)
[    0.000000] Using ACPI (MADT) for SMP configuration information
[    0.000000] smpboot: Allowing 2 CPUs, 0 hotplug CPUs
[    0.000000] PM: Registered nosave memory: [mem 0x00000000-0x00000fff]
[    0.000000] PM: Registered nosave memory: [mem 0x0009f000-0x0009ffff]
[    0.000000] PM: Registered nosave memory: [mem 0x000a0000-0x000effff]
[    0.000000] PM: Registered nosave memory: [mem 0x000f0000-0x000fffff]
[    0.000000] e820: [mem 0x40000000-0xfebfffff] available for PCI devices
[    0.000000] Booting paravirtualized kernel on KVM
[    0.000000] clocksource: refined-jiffies: mask: 0xffffffff max_cycles: 0xffffffff, max_idle_ns: 7645519600211568 ns
[    0.000000] setup_percpu: NR_CPUS:512 nr_cpumask_bits:512 nr_cpu_ids:2 nr_node_ids:1
[    0.000000] PERCPU: Embedded 34 pages/cpu @ffff88003fc00000 s99544 r8192 d31528 u1048576
[    0.000000] Built 1 zonelists in Node order, mobility grouping on.  Total pages: 257912
[    0.000000] Policy zone: DMA32
[    0.000000] Kernel command line: BOOT_IMAGE=/boot/vmlinuz-4.4.0-165-generic root=UUID=440d6cef-17de-4b77-b9c9-7e704c301394 ro console=tty1 console=ttyS0
[    0.000000] PID hash table entries: 4096 (order: 3, 32768 bytes)
[    0.000000] Memory: 997168K/1048120K available (8621K kernel code, 1335K rwdata, 4032K rodata, 1484K init, 1284K bss, 50952K reserved, 0K cma-reserved)
[    0.000000] SLUB: HWalign=64, Order=0-3, MinObjects=0, CPUs=2, Nodes=1
[    0.000000] Kernel/User page tables isolation: enabled
[    0.000000] Hierarchical RCU implementation.
[    0.000000] 	Build-time adjustment of leaf fanout to 64.
[    0.000000] 	RCU restricting CPUs from NR_CPUS=512 to nr_cpu_ids=2.
[    0.000000] RCU: Adjusting geometry for rcu_fanout_leaf=64, nr_cpu_ids=2
[    0.000000] NR_IRQS:33024 nr_irqs:440 16
[    0.000000] Console: colour VGA+ 80x25
[    0.000000] console [tty1] enabled
[    0.000000] console [ttyS0] enabled
[    0.000000] tsc: Detected 2207.998 MHz processor
[    0.097165] Calibrating delay loop (skipped) preset value.. 4415.99 BogoMIPS (lpj=8831992)
[    0.098469] pid_max: default: 32768 minimum: 301
[    0.099210] ACPI: Core revision 20150930
[    0.100431] ACPI: 2 ACPI AML tables successfully acquired and loaded
[    0.101420] Security Framework initialized
[    0.101991] Yama: becoming mindful.
[    0.102585] AppArmor: AppArmor initialized
[    0.103254] Dentry cache hash table entries: 131072 (order: 8, 1048576 bytes)
[    0.104573] Inode-cache hash table entries: 65536 (order: 7, 524288 bytes)
[    0.105526] Mount-cache hash table entries: 2048 (order: 2, 16384 bytes)
[    0.106394] Mountpoint-cache hash table entries: 2048 (order: 2, 16384 bytes)
[    0.107432] Initializing cgroup subsys io
[    0.108035] Initializing cgroup subsys memory
[    0.108670] Initializing cgroup subsys devices
[    0.109409] Initializing cgroup subsys freezer
[    0.110096] Initializing cgroup subsys net_cls
[    0.110705] Initializing cgroup subsys perf_event
[    0.111452] Initializing cgroup subsys net_prio
[    0.112107] Initializing cgroup subsys hugetlb
[    0.112744] Initializing cgroup subsys pids
[    0.114404] mce: CPU supports 0 MCE banks
[    0.115033] Last level iTLB entries: 4KB 64, 2MB 8, 4MB 8
[    0.115762] Last level dTLB entries: 4KB 64, 2MB 0, 4MB 0, 1GB 4
[    0.116562] Spectre V1 : Mitigation: usercopy/swapgs barriers and __user pointer sanitization
[    0.117723] Spectre V2 : Mitigation: Full generic retpoline
[    0.118461] Spectre V2 : Spectre v2 / SpectreRSB mitigation: Filling RSB on context switch
[    0.120899] Speculative Store Bypass: Vulnerable
[    0.122414] MDS: Vulnerable: Clear CPU buffers attempted, no microcode
[    0.125704] Freeing SMP alternatives memory: 36K
[    0.130743] ftrace: allocating 32318 entries in 127 pages
[    0.176148] smpboot: APIC(0) Converting physical 0 to logical package 0
[    0.177044] smpboot: Max logical packages: 1
[    0.177847] x2apic enabled
[    0.178501] Switched APIC routing to physical x2apic.
[    0.180086] ..TIMER: vector=0x30 apic1=0 pin1=2 apic2=-1 pin2=-1
[    0.292753] APIC calibration not consistent with PM-Timer: 104ms instead of 100ms
[    0.293846] APIC delta adjusted to PM-Timer: 6250007 (6500389)
[    0.294644] smpboot: CPU0: Intel(R) Core(TM) i7-8750H CPU @ 2.20GHz (family: 0x6, model: 0x9e, stepping: 0xa)
[    0.296174] Performance Events: unsupported p6 CPU model 158 no PMU driver, software events only.
[    0.305380] KVM setup paravirtual spinlock
[    0.306552] x86: Booting SMP configuration:
[    0.307229] .... node  #0, CPUs:      #1
[    0.308048] kvm-clock: cpu 1, msr 0:3ffe3041, secondary cpu clock
[    0.309717] mce: CPU supports 0 MCE banks
[    0.312148] x86: Booted up 1 node, 2 CPUs
[    0.312911] smpboot: Total of 2 processors activated (8831.99 BogoMIPS)
[    0.314228] devtmpfs: initialized
[    0.316134] evm: security.selinux
[    0.316686] evm: security.SMACK64
[    0.317236] evm: security.SMACK64EXEC
[    0.317807] evm: security.SMACK64TRANSMUTE
[    0.318479] evm: security.SMACK64MMAP
[    0.319083] evm: security.ima
[    0.319596] evm: security.capability
[    0.320499] clocksource: jiffies: mask: 0xffffffff max_cycles: 0xffffffff, max_idle_ns: 7645041785100000 ns
[    0.321814] futex hash table entries: 512 (order: 3, 32768 bytes)
[    0.322726] pinctrl core: initialized pinctrl subsystem
[    0.324524] RTC time: 14:04:43, date: 10/07/19
[    0.326299] NET: Registered protocol family 16
[    0.338616] cpuidle: using governor ladder
[    0.352027] cpuidle: using governor menu
[    0.354616] PCCT header not found.
[    0.356968] ACPI: bus type PCI registered
[    0.359365] acpiphp: ACPI Hot Plug PCI Controller Driver version: 0.5
[    0.363416] PCI: Using configuration type 1 for base access
[    0.380874] ACPI: Added _OSI(Module Device)
[    0.383703] ACPI: Added _OSI(Processor Device)
[    0.386273] ACPI: Added _OSI(3.0 _SCP Extensions)
[    0.388924] ACPI: Added _OSI(Processor Aggregator Device)
[    0.393377] ACPI: Executed 1 blocks of module-level executable AML code
[    0.399587] ACPI: Interpreter enabled
[    0.400832] ACPI: (supports S0 S5)
[    0.401947] ACPI: Using IOAPIC for interrupt routing
[    0.403349] PCI: Using host bridge windows from ACPI; if necessary, use "pci=nocrs" and report a bug
[    0.410238] ACPI: PCI Root Bridge [PCI0] (domain 0000 [bus 00-ff])
[    0.411699] acpi PNP0A03:00: _OSC: OS supports [ASPM ClockPM Segments MSI]
[    0.413125] acpi PNP0A03:00: _OSC: not requesting OS control; OS requires [ExtendedConfig ASPM ClockPM MSI]
[    0.414775] acpi PNP0A03:00: fail to add MMCONFIG information, can't access extended PCI configuration space under this bridge.
[    0.416923] PCI host bridge to bus 0000:00
[    0.417609] pci_bus 0000:00: root bus resource [io  0x0000-0x0cf7 window]
[    0.418605] pci_bus 0000:00: root bus resource [io  0x0d00-0xffff window]
[    0.419593] pci_bus 0000:00: root bus resource [mem 0x000a0000-0x000bffff window]
[    0.420863] pci_bus 0000:00: root bus resource [mem 0x40000000-0xfdffffff window]
[    0.422122] pci_bus 0000:00: root bus resource [bus 00-ff]
[    0.424160] pci 0000:00:01.1: legacy IDE quirk: reg 0x10: [io  0x01f0-0x01f7]
[    0.432202] pci 0000:00:01.1: legacy IDE quirk: reg 0x14: [io  0x03f6]
[    0.433111] pci 0000:00:01.1: legacy IDE quirk: reg 0x18: [io  0x0170-0x0177]
[    0.434039] pci 0000:00:01.1: legacy IDE quirk: reg 0x1c: [io  0x0376]
[    0.445365] pci 0000:00:07.0: quirk: [io  0x4000-0x403f] claimed by PIIX4 ACPI
[    0.446473] pci 0000:00:07.0: quirk: [io  0x4100-0x410f] claimed by PIIX4 SMB
[    0.451002] ACPI: PCI Interrupt Link [LNKA] (IRQs 5 9 10 *11)
[    0.452398] ACPI: PCI Interrupt Link [LNKB] (IRQs 5 9 *10 11)
[    0.453738] ACPI: PCI Interrupt Link [LNKC] (IRQs 5 *9 10 11)
[    0.455077] ACPI: PCI Interrupt Link [LNKD] (IRQs 5 9 10 *11)
[    0.456399] ACPI: Enabled 2 GPEs in block 00 to 07
[    0.457557] vgaarb: setting as boot device: PCI:0000:00:02.0
[    0.458340] vgaarb: device added: PCI:0000:00:02.0,decodes=io+mem,owns=io+mem,locks=none
[    0.459591] vgaarb: loaded
[    0.460107] vgaarb: bridge control possible 0000:00:02.0
[    0.461076] SCSI subsystem initialized
[    0.461783] ACPI: bus type USB registered
[    0.462585] usbcore: registered new interface driver usbfs
[    0.463374] usbcore: registered new interface driver hub
[    0.464139] usbcore: registered new device driver usb
[    0.465213] PCI: Using ACPI for IRQ routing
[    0.466039] NetLabel: Initializing
[    0.466595] NetLabel:  domain hash size = 128
[    0.467263] NetLabel:  protocols = UNLABELED CIPSOv4
[    0.468300] NetLabel:  unlabeled traffic allowed by default
[    0.469278] amd_nb: Cannot enumerate AMD northbridges
[    0.470057] clocksource: Switched to clocksource kvm-clock
[    0.475503] AppArmor: AppArmor Filesystem Enabled
[    0.476207] pnp: PnP ACPI init
[    0.477217] pnp: PnP ACPI: found 3 devices
[    0.487132] clocksource: acpi_pm: mask: 0xffffff max_cycles: 0xffffff, max_idle_ns: 2085701024 ns
[    0.488431] NET: Registered protocol family 2
[    0.489135] TCP established hash table entries: 8192 (order: 4, 65536 bytes)
[    0.490052] TCP bind hash table entries: 8192 (order: 5, 131072 bytes)
[    0.491032] TCP: Hash tables configured (established 8192 bind 8192)
[    0.491838] UDP hash table entries: 512 (order: 2, 16384 bytes)
[    0.492711] UDP-Lite hash table entries: 512 (order: 2, 16384 bytes)
[    0.493601] NET: Registered protocol family 1
[    0.494297] pci 0000:00:00.0: Limiting direct PCI/PCI transfers
[    0.495202] pci 0000:00:01.0: Activating ISA DMA hang workarounds
[    0.496096] Unpacking initramfs...
[    0.655045] Freeing initrd memory: 15392K
[    0.655921] clocksource: tsc: mask: 0xffffffffffffffff max_cycles: 0x1fd3b6211b4, max_idle_ns: 440795230313 ns
[    0.657556] platform rtc_cmos: registered platform RTC device (no PNP device found)
[    0.658818] Scanning for low memory corruption every 60 seconds
[    0.660107] audit: initializing netlink subsys (disabled)
[    0.660882] audit: type=2000 audit(1570457089.103:1): initialized
[    0.662021] Initialise system trusted keyring
[    0.663121] HugeTLB registered 2 MB page size, pre-allocated 0 pages
[    0.664892] zbud: loaded
[    0.665921] VFS: Disk quotas dquot_6.6.0
[    0.666752] VFS: Dquot-cache hash table entries: 512 (order 0, 4096 bytes)
[    0.667903] squashfs: version 4.0 (2009/01/31) Phillip Lougher
[    0.668997] fuse init (API version 7.23)
[    0.669811] Key type big_key registered
[    0.670565] Allocating IMA MOK and blacklist keyrings.
[    0.672322] Key type asymmetric registered
[    0.673040] Asymmetric key parser 'x509' registered
[    0.673931] Block layer SCSI generic (bsg) driver version 0.4 loaded (major 249)
[    0.675537] io scheduler noop registered
[    0.676200] io scheduler deadline registered (default)
[    0.676982] io scheduler cfq registered
[    0.677839] pci_hotplug: PCI Hot Plug PCI Core version: 0.5
[    0.678715] pciehp: PCI Express Hot Plug Controller Driver version: 0.4
[    0.679697] ACPI: AC Adapter [AC] (on-line)
[    0.680454] input: Power Button as /devices/LNXSYSTM:00/LNXPWRBN:00/input/input0
[    0.681654] ACPI: Power Button [PWRF]
[    0.682435] input: Sleep Button as /devices/LNXSYSTM:00/LNXSLPBN:00/input/input1
[    0.683550] ACPI: Sleep Button [SLPF]
[    0.684722] ACPI: Battery Slot [BAT0] (battery present)
[    0.685534] GHES: HEST is not enabled!
[    0.686328] Serial: 8250/16550 driver, 32 ports, IRQ sharing enabled
[    0.707628] 00:02: ttyS0 at I/O 0x3f8 (irq = 4, base_baud = 115200) is a 16550A
    0.709907] Linux agpgart interface v0.103
[    0.712510] loop: module loaded
[    0.713616] scsi host0: ata_piix
[    0.714246] scsi host1: ata_piix
[    0.714889] ata1: PATA max UDMA/33 cmd 0x1f0 ctl 0x3f6 bmdma 0xd000 irq 14
[    0.715864] ata2: PATA max UDMA/33 cmd 0x170 ctl 0x376 bmdma 0xd008 irq 15
[    0.716914] libphy: Fixed MDIO Bus: probed
[    0.717682] tun: Universal TUN/TAP device driver, 1.6
[    0.718592] tun: (C) 1999-2004 Max Krasnyansky <maxk@qualcomm.com>
[    0.719445] PPP generic driver version 2.4.2
[    0.720181] ehci_hcd: USB 2.0 'Enhanced' Host Controller (EHCI) Driver
[    0.721063] ehci-pci: EHCI PCI platform driver
[    0.721756] ehci-platform: EHCI generic platform driver
[    0.722648] ohci_hcd: USB 1.1 'Open' Host Controller (OHCI) Driver
[    0.723467] ohci-pci: OHCI PCI platform driver
[    0.724236] ohci-platform: OHCI generic platform driver
[    0.725058] uhci_hcd: USB Universal Host Controller Interface driver
[    0.725983] i8042: PNP: PS/2 Controller [PNP0303:PS2K,PNP0f03:PS2M] at 0x60,0x64 irq 1,12
[    0.727915] serio: i8042 KBD port at 0x60,0x64 irq 1
[    0.728736] serio: i8042 AUX port at 0x60,0x64 irq 12
[    0.729902] mousedev: PS/2 mouse device common for all mice
[    0.731750] rtc_cmos rtc_cmos: rtc core: registered rtc_cmos as rtc0
[    0.732735] rtc_cmos rtc_cmos: alarms up to one day, 114 bytes nvram
[    0.733684] i2c /dev entries driver
[    0.734471] input: AT Translated Set 2 keyboard as /devices/platform/i8042/serio0/input/input2
[    0.735755] device-mapper: uevent: version 1.0.3
[    0.736574] device-mapper: ioctl: 4.34.0-ioctl (2015-10-28) initialised: dm-devel@redhat.com
[    0.737767] ledtrig-cpu: registered to indicate activity on CPUs
[    0.738933] NET: Registered protocol family 10
[    0.739685] NET: Registered protocol family 17
[    0.740373] Key type dns_resolver registered
[    0.741125] registered taskstats version 1
[    0.741772] Loading compiled-in X.509 certificates
[    0.743034] Loaded X.509 cert 'Build time autogenerated kernel key: 0ed82eac04367aa6426493b1389455ebf6830eaa'
[    0.744326] zswap: loaded using pool lzo/zbud
[    0.746192] Key type trusted registered
[    0.749117] Key type encrypted registered
[    0.749692] AppArmor: AppArmor sha1 policy hashing enabled
[    0.750447] ima: No TPM chip found, activating TPM-bypass!
[    0.751254] ima: Allocated hash algorithm: sha1
[    0.751969] evm: HMAC attrs: 0x1
[    0.752768]   Magic number: 7:547:80
[    0.753509] rtc_cmos rtc_cmos: setting system clock to 2019-10-07 14:04:44 UTC (1570457084)
[    0.754846] BIOS EDD facility v0.16 2004-Jun-25, 0 devices found
[    0.755652] EDD information not available.
[    0.877794] Freeing unused kernel memory: 1484K
[    0.881490] Write protecting the kernel read-only data: 14336k
[    0.886832] Freeing unused kernel memory: 1608K
[    0.890450] Freeing unused kernel memory: 64K
Loading, please wait...
starting version 229
[    0.938668] random: systemd-udevd: uninitialized urandom read (16 bytes read, 3 bits of entropy available)
[    0.939653] random: udevadm: uninitialized urandom read (16 bytes read, 3 bits of entropy available)
[    0.939689] random: udevadm: uninitialized urandom read (16 bytes read, 3 bits of entropy available)
[    0.948332] random: systemd-udevd: uninitialized urandom read (16 bytes read, 3 bits of entropy available)
[    0.950734] random: systemd-udevd: uninitialized urandom read (16 bytes read, 3 bits of entropy available)
[    0.951560] random: udevadm: uninitialized urandom read (16 bytes read, 3 bits of entropy available)
[    0.951618] random: udevadm: uninitialized urandom read (16 bytes read, 3 bits of entropy available)
[    0.951792] random: udevadm: uninitialized urandom read (16 bytes read, 3 bits of entropy available)
[    0.951856] random: udevadm: uninitialized urandom read (16 bytes read, 3 bits of entropy available)
[    0.951924] random: udevadm: uninitialized urandom read (16 bytes read, 3 bits of entropy available)
[    0.983007] e1000: Intel(R) PRO/1000 Network Driver - version 7.3.21-k8-NAPI
[    0.983980] e1000: Copyright (c) 1999-2006 Intel Corporation.
[    0.984922] Fusion MPT base driver 3.04.20
[    0.985621] Copyright (c) 1999-2008 LSI Corporation
[    0.998039] AVX2 version of gcm_enc/dec engaged.
[    0.998919] AES CTR mode by8 optimization enabled
[    1.020708] Fusion MPT SPI Host driver 3.04.20
[    1.187112] input: ImExPS/2 Generic Explorer Mouse as /devices/platform/i8042/serio1/input/input4
[    1.324627] e1000 0000:00:03.0 eth0: (PCI:33MHz:32-bit) 02:21:78:00:d6:19
[    1.325522] e1000 0000:00:03.0 eth0: Intel(R) PRO/1000 Network Connection
[    1.327590] e1000 0000:00:03.0 enp0s3: renamed from eth0
[    1.328529] mptbase: ioc0: Initiating bringup
[    1.673897] ioc0: LSI53C1030 A0: Capabilities={Initiator}
[    3.664899] scsi host2: ioc0: LSI53C1030 A0, FwRev=00000000h, Ports=1, MaxQ=256, IRQ=20
[    4.134236] scsi 2:0:0:0: Direct-Access     VBOX     HARDDISK         1.0  PQ: 0 ANSI: 5
[    4.139743] scsi target2:0:0: Beginning Domain Validation
[    4.147920] scsi target2:0:0: Domain Validation skipping write tests
[    4.152140] scsi target2:0:0: Ending Domain Validation
[    4.155899] scsi target2:0:0: asynchronous
[    4.160309] scsi 2:0:1:0: Direct-Access     VBOX     HARDDISK         1.0  PQ: 0 ANSI: 5
[    4.166117] scsi target2:0:1: Beginning Domain Validation
[    4.185004] scsi target2:0:1: Domain Validation skipping write tests
[    4.186380] scsi target2:0:1: Ending Domain Validation
[    4.187534] scsi target2:0:1: asynchronous
[    4.193913] sd 2:0:0:0: [sda] 20971520 512-byte logical blocks: (10.7 GB/10.0 GiB)
[    4.195339] sd 2:0:0:0: Attached scsi generic sg0 type 0
[    4.196436] sd 2:0:0:0: [sda] Write Protect is off
[    4.196849] sd 2:0:1:0: [sdb] 20480 512-byte logical blocks: (10.5 MB/10.0 MiB)
[    4.196862] sd 2:0:1:0: Attached scsi generic sg1 type 0
[    4.197080] sd 2:0:1:0: [sdb] Write Protect is off
[    4.197149] sd 2:0:1:0: [sdb] Incomplete mode parameter data
[    4.197150] sd 2:0:1:0: [sdb] Assuming drive cache: write through
[    4.199488] sd 2:0:1:0: [sdb] Attached SCSI disk
[    4.202373] sd 2:0:0:0: [sda] Incomplete mode parameter data
[    4.203157] sd 2:0:0:0: [sda] Assuming drive cache: write through
[    4.205216]  sda: sda1
[    4.206292] sd 2:0:0:0: [sda] Attached SCSI disk
Begin: Loading essential drivers ... [    5.497853] md: linear personality registered for level -1
[    5.500911] md: multipath personality registered for level -4
[    5.503999] md: raid0 personality registered for level 0
[    5.508239] md: raid1 personality registered for level 1
[    5.578378] raid6: sse2x1   gen() 13555 MB/s
[    5.653092] raid6: sse2x1   xor() 11105 MB/s
[    5.727450] raid6: sse2x2   gen() 16897 MB/s
[    5.794496] raid6: sse2x2   xor() 11624 MB/s
[    5.863006] raid6: sse2x4   gen() 19264 MB/s
[    5.933085] raid6: sse2x4   xor() 13384 MB/s
[    6.007689] raid6: avx2x1   gen() 27708 MB/s
[    6.083060] raid6: avx2x2   gen() 35303 MB/s
[    6.151184] raid6: avx2x4   gen() 34564 MB/s
[    6.152183] raid6: using algorithm avx2x2 gen() 35303 MB/s
[    6.153225] raid6: using avx2x2 recovery algorithm
[    6.155505] xor: automatically using best checksumming function:
[    6.194106]    avx       : 28970.000 MB/sec
[    6.196519] async_tx: api initialized (async)
[    6.205732] md: raid6 personality registered for level 6
[    6.206932] md: raid5 personality registered for level 5
[    6.207880] md: raid4 personality registered for level 4
[    6.213640] md: raid10 personality registered for level 10
done.
Begin: Running /scripts/init-premount ... done.
Begin: Mounting root file system ... Begin: Running /scripts/local-top ... done.
Begin: Running /scripts/local-premount ... [    6.237512] Btrfs loaded
Scanning for Btrfs filesystems
done.
Warning: fsck not present, so skipping root file system
[    6.271151] EXT4-fs (sda1): mounted filesystem with ordered data mode. Opts: (null)
done.
Begin: Running /scripts/local-bottom ... done.
Begin: Running /scripts/init-bottom ... done.
[    6.466186] systemd[1]: systemd 229 running in system mode. (+PAM +AUDIT +SELINUX +IMA +APPARMOR +SMACK +SYSVINIT +UTMP +LIBCRYPTSETUP +GCRYPT +GNUTLS +ACL +XZ -LZ4 +SECCOMP +BLKID +ELFUTILS +KMOD -IDN)
[    6.473087] systemd[1]: Detected virtualization oracle.
[    6.474028] systemd[1]: Detected architecture x86-64.

Welcome to [1mUbuntu 16.04.6 LTS[0m!

[    6.479859] systemd[1]: Set hostname to <ubuntu-xenial>.
[    6.726094] systemd[1]: Configuration file /etc/systemd/system/tomcat.service is marked executable. Please remove executable permission bits. Proceeding anyway.
[    6.764121] systemd[1]: Started Forward Password Requests to Wall Directory Watch.
[[0;32m  OK  [0m] Started Forward Password Requests to Wall Directory Watch.
[    6.772260] systemd[1]: Set up automount Arbitrary Executable File Formats File System Automount Point.
[[0;32m  OK  [0m] Set up automount Arbitrary Executab...ats File System Automount Point.
[    6.778656] systemd[1]: Created slice System Slice.
[[0;32m  OK  [0m] Created slice System Slice.
[    6.783126] systemd[1]: Reached target User and Group Name Lookups.
[[0;32m  OK  [0m] Reached target User and Group Name Lookups.
[    6.786065] systemd[1]: Reached target Swap.
[[0;32m  OK  [0m] Reached target Swap.
[    6.788248] systemd[1]: Created slice system-serial\x2dgetty.slice.
[[0;32m  OK  [0m] Created slice system-serial\x2dgetty.slice.
[    6.790581] systemd[1]: Listening on LVM2 poll daemon socket.
[[0;32m  OK  [0m] Listening on LVM2 poll daemon socket.
[    6.792618] systemd[1]: Listening on Journal Socket (/dev/log).
[[0;32m  OK  [0m] Listening on Journal Socket (/dev/log).
[    6.794483] systemd[1]: Reached target Encrypted Volumes.
[[0;32m  OK  [0m] Reached target Encrypted Volumes.
[    6.796454] systemd[1]: Created slice User and Session Slice.
[[0;32m  OK  [0m] Created slice User and Session Slice.
[    6.798155] systemd[1]: Reached target Slices.
[[0;32m  OK  [0m] Reached target Slices.
[    6.799525] systemd[1]: Listening on Device-mapper event daemon FIFOs.
[[0;32m  OK  [0m] Listening on Device-mapper event daemon FIFOs.
[    6.801381] systemd[1]: Listening on udev Kernel Socket.
[[0;32m  OK  [0m] Listening on udev Kernel Socket.
[    6.802915] systemd[1]: Listening on Journal Socket.
[[0;32m  OK  [0m] Listening on Journal Socket.
[    6.814182] systemd[1]: Mounting Huge Pages File System...
         Mounting Huge Pages File System...
[    6.817695] systemd[1]: Starting Nameserver information manager...
         Starting Nameserver information manager...
[    6.819796] systemd[1]: Starting Uncomplicated firewall...
         Starting Uncomplicated firewall...
[    6.822478] systemd[1]: Mounting Debug File System...
         Mounting Debug File System...
[    6.824994] systemd[1]: Starting Create list of required static device nodes for the current kernel...
         Starting Create list of required st... nodes for the current kernel...
[    6.828303] systemd[1]: Mounting POSIX Message Queue File System...
         Mounting POSIX Message Queue File System...
[    6.831610] systemd[1]: Starting Set console keymap...
         Starting Set console keymap...
[    6.833089] systemd[1]: Listening on udev Control Socket.
[[0;32m  OK  [0m] Listening on udev Control Socket.
[    6.838600] systemd[1]: Starting Load Kernel Modules...
         Starting Load Kernel Modules...
[    6.840542] systemd[1]: Reached target System Time Synchronized.
[[0;32m  OK  [0m] Reached target System Time Synchronized.
[    6.842622] systemd[1]: Listening on Journal Audit Socket.
[[0;32m  OK  [0m] Listening on Journal Audit Socket.
[    6.850251] systemd[1]: Listening on Syslog Socket.
[[0;32m  OK  [0m] Listening on Syslog Socket.
[    6.851833] systemd[1]: Listening on /dev/initctl Compatibility Named Pipe.
[[0;32m  OK  [0m] Listening on /dev/initctl Compatibility Named Pipe.
[    6.853685] Loading iSCSI transport class v2.0-870.
[    6.854184] systemd[1]: Starting Journal Service...
         Starting Journal Service...
[    6.856312] systemd[1]: Started Trigger resolvconf update for networkd DNS.
[[0;32m  OK  [0m] Started Trigger resolvconf update for networkd DNS.
[    6.858276] systemd[1]: Listening on LVM2 metadata daemon socket.
[[0;32m  OK  [0m] Listening on LVM2 metadata daemon socket.
[    6.865119] iscsi: registered transport (tcp)
[    6.866782] systemd[1]: Starting Monitoring of LVM2 mirrors, snapshots etc. using dmeventd or progress polling...
         Starting Monitoring of LVM2 mirrors... dmeventd or progress polling...
[    6.869866] systemd[1]: Starting Remount Root and Kernel File Systems...
         Starting Remount Root and Kernel File Systems...
[    6.873766] systemd[1]: Mounted POSIX Message Queue File System.
[[0;32m  OK  [0m] Mounted POSIX Message Queue File System.
[    6.875712] systemd[1]: Mounted Debug File System.
[[0;32m  OK  [0m] Mounted Debug File System.
[    6.876961] systemd[1]: Mounted Huge Pages File System.
[[0;32m  OK  [0m] Mounted Huge Pages File System.
[    6.879119] systemd[1]: Started Uncomplicated firewall.
[[0;32m  OK  [0m] Started Uncomplicated firewall.
[    6.882463] systemd[1]: Started Create list of required static device nodes for the current kernel.
[[0;32m  OK  [0m] Started Create list of required sta...ce nodes for the current kernel.
[    6.885724] systemd[1]: Started Nameserver information manager.
[[0;32m  OK  [0m] Started Nameserver information manager.
[    6.891697] EXT4-fs (sda1): re-mounted. Opts: (null)
[    6.895590] systemd[1]: Started Remount Root and Kernel File Systems.
[[0;32m  OK  [0m] Started Remount Root and Kernel File Systems.
[    6.906460] systemd[1]: Started Set console keymap.
[[0;32m  OK  [0m] Started Set console keymap.
[    6.908159] systemd[1]: Started Journal Service.
[[0;32m  OK  [0m] Started Journal Service.
[    6.923541] iscsi: registered transport (iser)
[[0;32m  OK  [0m] Started LVM2 metadata daemon.
         Starting Flush Journal to Persistent Storage...
         Starting udev Coldplug all Devices...
         Starting Load/Save Random Seed...
         Starting Create Static Device Nodes in /dev...
[[0;32m  OK  [0m] Started Load Kernel Modules.
[[0;32m  OK  [0m] Started Load/Save Random Seed.
         Starting Apply Kernel Variables...
         Mounting FUSE Control File System...
[    6.955808] systemd-journald[401]: Received request to flush runtime journal from PID 1
[[0;32m  OK  [0m] Mounted FUSE Control File System.
[[0;32m  OK  [0m] Started Flush Journal to Persistent Storage.
[[0;32m  OK  [0m] Started Create Static Device Nodes in /dev.
[[0;32m  OK  [0m] Started Apply Kernel Variables.
         Starting udev Kernel Device Manager...
[[0;32m  OK  [0m] Started udev Coldplug all Devices.
[[0;32m  OK  [0m] Started udev Kernel Device Manager.
[[0;32m  OK  [0m] Started Dispatch Password Requests to Console Directory Watch.
[[0;32m  OK  [0m] Started Monitoring of LVM2 mirrors,...ng dmeventd or progress polling.
[[0;32m  OK  [0m] Reached target Local File Systems (Pre).
[[0;32m  OK  [0m] Reached target Local File Systems.
         Starting LSB: AppArmor initialization...
         Starting Set console font and keymap...
         Starting Create Volatile Files and Directories...
         Starting Tell Plymouth To Write Out Runtime Data...
         Starting Initial cloud-init job (pre-networking)...
[[0;32m  OK  [0m] Found device /dev/ttyS0.
[[0;32m  OK  [0m] Started Tell Plymouth To Write Out Runtime Data.
[[0;32m  OK  [0m] Listening on Load/Save RF Kill Switch Status /dev/rfkill Watch.
[[0;32m  OK  [0m] Started Create Volatile Files and Directories.
         Starting Update UTMP about System Boot/Shutdown...
[[0;32m  OK  [0m] Started Update UTMP about System Boot/Shutdown.
[[0;32m  OK  [0m] Found device 82540EM Gigabit Ethern...r (PRO/1000 MT Desktop Adapter).
[[0;32m  OK  [0m] Started LSB: AppArmor initialization.
[[0;32m  OK  [0m] Started Set console font and keymap.
[[0;32m  OK  [0m] Created slice system-getty.slice.
[    7.769560] cloud-init[507]: Cloud-init v. 19.2-24-ge7881d5c-0ubuntu1~16.04.1 running 'init-local' at Mon, 07 Oct 2019 14:04:51 +0000. Up 7.55 seconds.
[[0;32m  OK  [0m] Started Initial cloud-init job (pre-networking).
[[0;32m  OK  [0m] Reached target Network (Pre).
         Starting Raise network interfaces...
[[0;32m  OK  [0m] Started ifup for enp0s3.
[[0;32m  OK  [0m] Started Raise network interfaces.
[[0;32m  OK  [0m] Reached target Network.
         Starting Initial cloud-init job (metadata service crawler)...
[    8.303556] cloud-init[984]: Cloud-init v. 19.2-24-ge7881d5c-0ubuntu1~16.04.1 running 'init' at Mon, 07 Oct 2019 14:04:52 +0000. Up 8.11 seconds.
[    8.304780] cloud-init[984]: ci-info: ++++++++++++++++++++++++++++++++++++++Net device info++++++++++++++++++++++++++++++++++++++
[    8.305825] cloud-init[984]: ci-info: +--------+------+----------------------------+---------------+--------+-------------------+
[    8.306773] cloud-init[984]: ci-info: | Device |  Up  |          Address           |      Mask     | Scope  |     Hw-Address    |
[    8.307764] cloud-init[984]: ci-info: +--------+------+----------------------------+---------------+--------+-------------------+
[    8.308889] cloud-init[984]: ci-info: | enp0s3 | True |         10.0.2.15          | 255.255.255.0 | global | 02:21:78:00:d6:19 |
[    8.309896] cloud-init[984]: ci-info: | enp0s3 | True | fe80::21:78ff:fe00:d619/64 |       .       |  link  | 02:21:78:00:d6:19 |
[    8.310758] cloud-init[984]: ci-info: |   lo   | True |         127.0.0.1          |   255.0.0.0   |  host  |         .         |
[    8.311646] cloud-init[984]: ci-info: |   lo   | True |          ::1/128           |       .       |  host  |         .         |
[    8.312639] cloud-init[984]: ci-info: +--------+------+----------------------------+---------------+--------+-------------------+
[    8.313670] cloud-init[984]: ci-info: +++++++++++++++++++++++++++Route IPv4 info++++++++++++++++++++++++++++
[    8.314573] cloud-init[984]: ci-info: +-------+-------------+----------+---------------+-----------+-------+
[    8.315354] cloud-init[984]: ci-info: | Route | Destination | Gateway  |    Genmask    | Interface | Flags |
[    8.316402] cloud-init[984]: ci-info: +-------+-------------+----------+---------------+-----------+-------+
[    8.317383] cloud-init[984]: ci-info: |   0   |   0.0.0.0   | 10.0.2.2 |    0.0.0.0    |   enp0s3  |   UG  |
[    8.318291] cloud-init[984]: ci-info: |   1   |   10.0.2.0  | 0.0.0.0  | 255.255.255.0 |   enp0s3  |   U   |
[    8.319049] cloud-init[984]: ci-info: +-------+-------------+----------+---------------+-----------+-------+
[    8.319976] cloud-init[984]: ci-info: +++++++++++++++++++Route IPv6 info+++++++++++++++++++
[    8.320890] cloud-init[984]: ci-info: +-------+-------------+---------+-----------+-------+
[    8.321688] cloud-init[984]: ci-info: | Route | Destination | Gateway | Interface | Flags |
[    8.322580] cloud-init[984]: ci-info: +-------+-------------+---------+-----------+-------+
[    8.323400] cloud-init[984]: ci-info: |   0   |  fe80::/64  |    ::   |   enp0s3  |   U   |
[    8.324519] cloud-init[984]: ci-info: |   3   |   ff00::/8  |    ::   |   enp0s3  |   U   |
[    8.325558] cloud-init[984]: ci-info: +-------+-------------+---------+-----------+-------+
[[0;32m  OK  [0m] Started Initial cloud-init job (metadata service crawler).
[[0;32m  OK  [0m] Reached target System Initialization.
[[0;32m  OK  [0m] Listening on UUID daemon activation socket.
[[0;32m  OK  [0m] Started ACPI Events Check.
[[0;32m  OK  [0m] Reached target Paths.
[[0;32m  OK  [0m] Listening on ACPID Listen Socket.
[[0;32m  OK  [0m] Started Daily Cleanup of Temporary Directories.
         Starting Socket activation for snappy daemon.
[[0;32m  OK  [0m] Started Daily apt download activities.
[[0;32m  OK  [0m] Listening on D-Bus System Message Bus Socket.
         Starting LXD - unix socket.
[[0;32m  OK  [0m] Started Daily apt upgrade and clean activities.
[[0;32m  OK  [0m] Reached target Timers.
[[0;32m  OK  [0m] Reached target Network is Online.
         Starting iSCSI initiator daemon (iscsid)...
[[0;32m  OK  [0m] Reached target Cloud-config availability.
[[0;32m  OK  [0m] Listening on Socket activation for snappy daemon.
[[0;32m  OK  [0m] Listening on LXD - unix socket.
[[0;32m  OK  [0m] Reached target Sockets.
[[0;32m  OK  [0m] Reached target Basic System.
[[0;32m  OK  [0m] Started Regular background program processing daemon.
         Starting System Logging Service...
         Starting LXD - container startup/shutdown...
         Starting LSB: Record successful boot for GRUB...
[[0;32m  OK  [0m] Started D-Bus System Message Bus.
         Starting MySQL Community Server...
         Starting Accounts Service...
[[0;32m  OK  [0m] Started ACPI event daemon.
         Starting LSB: MD monitoring daemon...
         Starting OpenBSD Secure Shell server...
[[0;32m  OK  [0m] Started FUSE filesystem for LXC.
[[0;32m  OK  [0m] Started Deferred execution scheduler.
         Starting Login Service...
         Starting Apache Tomcat Web Application Container...
         Starting Virtualbox guest utils...
         Starting /etc/rc.local Compatibility...
         Starting Snappy daemon...
[[0;32m  OK  [0m] Started System Logging Service.
[[0;32m  OK  [0m] Started iSCSI initiator daemon (iscsid).
[[0;32m  OK  [0m] Started /etc/rc.local Compatibility.
         Starting Login to default iSCSI targets...
[[0;32m  OK  [0m] Started LSB: Record successful boot for GRUB.
[[0;32m  OK  [0m] Started Apache Tomcat Web Application Container.
[[0;32m  OK  [0m] Started Login Service.
[[0;32m  OK  [0m] Started Unattended Upgrades Shutdown.
[[0;32m  OK  [0m] Started LSB: MD monitoring daemon.
[[0;32m  OK  [0m] Started Login to default iSCSI targets.
[[0;32m  OK  [0m] Reached target Remote File Systems (Pre).
[[0;32m  OK  [0m] Reached target Remote File Systems.
         Starting Permit User Sessions...
         Starting LSB: daemon to balance interrupts for SMP systems...
         Starting LSB: Apache2 web server...
         Starting LSB: Set the CPU Frequency Scaling governor to "ondemand"...
         Starting LSB: Start NTP daemon...
         Starting LSB: automatic crash report generation...
[[0;32m  OK  [0m] Started Permit User Sessions.
[[0;32m  OK  [0m] Started OpenBSD Secure Shell server.
         Starting Authenticate and Authorize Users to Run Privileged Tasks...
         Starting Terminate Plymouth Boot Screen...
         Starting Hold until boot process finishes up...
[[0;32m  OK  [0m] Started LSB: Set the CPU Frequency Scaling governor to "ondemand".
[[0;32m  OK  [0m] Started Hold until boot process finishes up.
[[0;32m  OK  [0m] Started LSB: daemon to balance interrupts for SMP systems.
[[0;32m  OK  [0m] Started Terminate Plymouth Boot Screen.
[[0;32m  OK  [0m] Started Serial Getty on ttyS0.
         Starting Set console scheme...
[[0;32m  OK  [0m] Started Getty on tty1.
[[0;32m  OK  [0m] Reached target Login Prompts.
[[0;32m  OK  [0m] Started Set console scheme.
[[0;32m  OK  [0m] Started Virtualbox guest utils.
[[0;32m  OK  [0m] Started LSB: automatic crash report generation.
[[0;32m  OK  [0m] Started LSB: Start NTP daemon.
[[0;32m  OK  [0m] Started Authenticate and Authorize Users to Run Privileged Tasks.
[[0;32m  OK  [0m] Started LXD - container startup/shutdown.
[[0;32m  OK  [0m] Started Accounts Service.
[[0;32m  OK  [0m] Started Snappy daemon.
         Starting Wait until snapd is fully seeded...
[[0;32m  OK  [0m] Started Wait until snapd is fully seeded.
         Starting Apply the settings specified in cloud-config...
[    9.300859] cloud-init[1376]: Cloud-init v. 19.2-24-ge7881d5c-0ubuntu1~16.04.1 running 'modules:config' at Mon, 07 Oct 2019 14:04:53 +0000. Up 9.16 seconds.
[[0;32m  OK  [0m] Started Apply the settings specified in cloud-config.
[[0;32m  OK  [0m] Started MySQL Community Server.
[[0;32m  OK  [0m] Started LSB: Apache2 web server.
[[0;32m  OK  [0m] Reached target Multi-User System.
[[0;32m  OK  [0m] Reached target Graphical Interface.
         Starting Update UTMP about System Runlevel Changes...
         Starting Execute cloud user/final scripts...
[[0;32m  OK  [0m] Started Update UTMP about System Runlevel Changes.
[   10.229719] cloud-init[1427]: Cloud-init v. 19.2-24-ge7881d5c-0ubuntu1~16.04.1 running 'modules:final' at Mon, 07 Oct 2019 14:04:54 +0000. Up 10.14 seconds.
[   10.231144] cloud-init[1427]: Cloud-init v. 19.2-24-ge7881d5c-0ubuntu1~16.04.1 finished at Mon, 07 Oct 2019 14:04:54 +0000. Datasource DataSourceNoCloud [seed=/dev/sdb][dsmode=net].  Up 10.22 seconds
[[0;32m  OK  [0m] Started Execute cloud user/final scripts.
[[0;32m  OK  [0m] Reached target Cloud-init target.

Ubuntu 16.04.6 LTS ubuntu-xenial ttyS0

ubuntu-xenial login: 